
/home/runner/work/exp-wave-nature-of-light-dei/exp-wave-nature-of-light-dei/experiment/simulation/assets/index-B7iZbb3B.js
   9:1588   warning  Do not access Object.prototype method 'hasOwnProperty' from target object  no-prototype-builtins
   9:4646   warning  Do not access Object.prototype method 'hasOwnProperty' from target object  no-prototype-builtins
  17:376    warning  Do not access Object.prototype method 'hasOwnProperty' from target object  no-prototype-builtins
  25:928    warning  'setImmediate' is not defined                                              no-undef
  33:596    warning  Unexpected combined character in character class                           no-misleading-character-class
  33:3023   warning  Unnecessary escape character: \-                                           no-useless-escape
  33:4912   warning  Do not access Object.prototype method 'hasOwnProperty' from target object  no-prototype-builtins
  37:202    warning  Expected a conditional expression and instead saw an assignment            no-cond-assign
  37:1216   warning  Empty block statement                                                      no-empty
  37:2389   warning  Do not access Object.prototype method 'hasOwnProperty' from target object  no-prototype-builtins
  37:3869   warning  Do not access Object.prototype method 'hasOwnProperty' from target object  no-prototype-builtins
  37:3910   warning  Do not access Object.prototype method 'hasOwnProperty' from target object  no-prototype-builtins
  37:4077   warning  Do not access Object.prototype method 'hasOwnProperty' from target object  no-prototype-builtins
  37:4104   warning  Do not access Object.prototype method 'hasOwnProperty' from target object  no-prototype-builtins
  37:4695   warning  Do not access Object.prototype method 'hasOwnProperty' from target object  no-prototype-builtins
  37:6032   warning  'MSApp' is not defined                                                     no-undef
  37:6080   warning  'MSApp' is not defined                                                     no-undef
  37:7460   warning  Do not access Object.prototype method 'hasOwnProperty' from target object  no-prototype-builtins
  37:7553   warning  Do not access Object.prototype method 'hasOwnProperty' from target object  no-prototype-builtins
  37:8636   warning  Expected a conditional expression and instead saw an assignment            no-cond-assign
  37:9657   warning  Expected to return a value in method 'get'                                 getter-return
  37:9790   warning  'r' is defined but never used                                              no-unused-vars
  37:9792   warning  'o' is defined but never used                                              no-unused-vars
  37:9794   warning  'i' is defined but never used                                              no-unused-vars
  37:9796   warning  'l' is defined but never used                                              no-unused-vars
  37:9798   warning  's' is defined but never used                                              no-unused-vars
  37:9800   warning  'a' is defined but never used                                              no-unused-vars
  37:9973   warning  'e' is defined but never used                                              no-unused-vars
  37:9975   warning  't' is defined but never used                                              no-unused-vars
  37:9977   warning  'n' is defined but never used                                              no-unused-vars
  37:9979   warning  'r' is defined but never used                                              no-unused-vars
  37:9981   warning  'o' is defined but never used                                              no-unused-vars
  37:9983   warning  'i' is defined but never used                                              no-unused-vars
  37:9985   warning  'l' is defined but never used                                              no-unused-vars
  37:9987   warning  's' is defined but never used                                              no-unused-vars
  37:9989   warning  'a' is defined but never used                                              no-unused-vars
  37:10041  warning  'e' is defined but never used                                              no-unused-vars
  37:10043  warning  't' is defined but never used                                              no-unused-vars
  37:10045  warning  'n' is defined but never used                                              no-unused-vars
  37:10047  warning  'r' is defined but never used                                              no-unused-vars
  37:10049  warning  'o' is defined but never used                                              no-unused-vars
  37:10051  warning  'i' is defined but never used                                              no-unused-vars
  37:10053  warning  'l' is defined but never used                                              no-unused-vars
  37:10055  warning  's' is defined but never used                                              no-unused-vars
  37:10057  warning  'a' is defined but never used                                              no-unused-vars
  37:11890  warning  Empty block statement                                                      no-empty
  37:19770  warning  Do not access Object.prototype method 'hasOwnProperty' from target object  no-prototype-builtins
  37:20113  warning  Invalid typeof comparison value                                            valid-typeof
  37:20287  warning  Invalid typeof comparison value                                            valid-typeof
  37:22159  warning  Expected a conditional expression and instead saw an assignment            no-cond-assign
  37:27704  warning  Expected a conditional expression and instead saw an assignment            no-cond-assign
  37:29170  warning  Do not access Object.prototype method 'hasOwnProperty' from target object  no-prototype-builtins
  37:33270  warning  Expected a 'break' statement before 'case'                                 no-fallthrough
  37:33457  warning  Expected a 'break' statement before 'case'                                 no-fallthrough
  37:34574  warning  Expected a conditional expression and instead saw an assignment            no-cond-assign
  37:36019  warning  Expected a 'break' statement before 'case'                                 no-fallthrough
  37:37449  warning  Unexpected control character(s) in regular expression: \x00                no-control-regex
  38:1506   warning  Expected a conditional expression and instead saw an assignment            no-cond-assign
  38:1606   warning  Expected a conditional expression and instead saw an assignment            no-cond-assign
  38:14636  warning  Expected a 'break' statement before 'case'                                 no-fallthrough
  38:15093  warning  Unexpected constant condition                                              no-constant-condition
  38:15684  warning  Expected a conditional expression and instead saw an assignment            no-cond-assign
  38:22243  warning  Empty block statement                                                      no-empty
  38:22252  warning  Empty block statement                                                      no-empty
  38:25626  warning  Expected a conditional expression and instead saw an assignment            no-cond-assign
  38:26489  warning  Expected a conditional expression and instead saw an assignment            no-cond-assign
  40:3962   warning  Expected a conditional expression and instead saw an assignment            no-cond-assign
  40:5084   warning  Expected a conditional expression and instead saw an assignment            no-cond-assign
  40:12848  warning  Do not access Object.prototype method 'hasOwnProperty' from target object  no-prototype-builtins
  40:12869  warning  Do not access Object.prototype method 'hasOwnProperty' from target object  no-prototype-builtins
  40:12939  warning  Do not access Object.prototype method 'hasOwnProperty' from target object  no-prototype-builtins
  40:13121  warning  Do not access Object.prototype method 'hasOwnProperty' from target object  no-prototype-builtins
  40:13223  warning  Do not access Object.prototype method 'hasOwnProperty' from target object  no-prototype-builtins
  40:13303  warning  Do not access Object.prototype method 'hasOwnProperty' from target object  no-prototype-builtins
  40:13327  warning  Do not access Object.prototype method 'hasOwnProperty' from target object  no-prototype-builtins
  40:13379  warning  Do not access Object.prototype method 'hasOwnProperty' from target object  no-prototype-builtins
  40:13734  warning  Do not access Object.prototype method 'hasOwnProperty' from target object  no-prototype-builtins
  40:15916  warning  Do not access Object.prototype method 'hasOwnProperty' from target object  no-prototype-builtins
  40:16195  warning  Do not access Object.prototype method 'hasOwnProperty' from target object  no-prototype-builtins
  40:16641  warning  Unnecessary escape character: \/                                           no-useless-escape
  40:17512  warning  Do not access Object.prototype method 'hasOwnProperty' from target object  no-prototype-builtins
  40:17821  warning  Do not access Object.prototype method 'hasOwnProperty' from target object  no-prototype-builtins
  40:25824  warning  Empty block statement                                                      no-empty
  40:25859  warning  Expected a 'break' statement before 'case'                                 no-fallthrough
  40:29937  warning  Do not access Object.prototype method 'hasOwnProperty' from target object  no-prototype-builtins
  40:30917  warning  't' is defined but never used                                              no-unused-vars
  40:30919  warning  'n' is defined but never used                                              no-unused-vars
  40:30946  warning  't' is defined but never used                                              no-unused-vars
  40:30948  warning  'n' is defined but never used                                              no-unused-vars
  40:34638  warning  Unexpected constant condition                                              no-constant-condition
  40:39144  warning  Unexpected constant condition                                              no-constant-condition
  40:39434  warning  Unexpected constant condition                                              no-constant-condition
  40:42425  warning  Empty block statement                                                      no-empty
  40:52841  warning  Expected a conditional expression and instead saw an assignment            no-cond-assign
  40:54242  warning  'Zc' is a function                                                         no-func-assign
  40:54248  warning  'Jc' is a function                                                         no-func-assign
  40:55166  warning  '__REACT_DEVTOOLS_GLOBAL_HOOK__' is not defined                            no-undef
  40:55265  warning  Empty block statement                                                      no-empty
  40:57298  warning  '__REACT_DEVTOOLS_GLOBAL_HOOK__' is not defined                            no-undef
  40:57355  warning  '__REACT_DEVTOOLS_GLOBAL_HOOK__' is not defined                            no-undef
  40:57647  warning  Expected a conditional expression and instead saw an assignment            no-cond-assign
  48:3531   warning  'p' is assigned a value but never used                                     no-unused-vars
  48:3539   warning  'g' is assigned a value but never used                                     no-unused-vars
  48:16888  warning  'Cw' is assigned a value but never used                                    no-unused-vars
  48:25254  warning  'n' is assigned a value but never used                                     no-unused-vars
  48:25387  warning  'n' is assigned a value but never used                                     no-unused-vars
  48:25989  warning  'n' is assigned a value but never used                                     no-unused-vars
  73:45864  warning  'kw' is assigned a value but never used                                    no-unused-vars
  73:49860  warning  'Pw' is assigned a value but never used                                    no-unused-vars
  73:50592  warning  'Nw' is assigned a value but never used                                    no-unused-vars
  73:51533  warning  'Tw' is assigned a value but never used                                    no-unused-vars
  73:58794  warning  'd' is defined but never used                                              no-unused-vars
  73:74108  warning  'Rw' is assigned a value but never used                                    no-unused-vars

✖ 113 problems (0 errors, 113 warnings)

